2023-05-14 18:05:881 INFO  HomePage :49 - Mouse hover on Women menu [[ChromeDriver: chrome on WINDOWS (c9a5d96055a5b975f4ee2d24be3faad6)] -> xpath: //span[normalize-space()='Women']]
2023-05-14 18:05:883 INFO  HomePage :49 - Mouse hover on Women menu [[ChromeDriver: chrome on WINDOWS (e89ba6cd4db2e2e94f874f17383e85a4)] -> xpath: //span[normalize-space()='Women']]
2023-05-14 19:05:703 INFO  HomePage :49 - Mouse hover on Women menu [[ChromeDriver: chrome on WINDOWS (ee3f5fd276cc599f72d351ae607d9ff6)] -> xpath: //span[normalize-space()='Women']]
2023-05-14 19:05:236 INFO  HomePage :49 - Mouse hover on Women menu [[ChromeDriver: chrome on WINDOWS (dfee2729d7044613ba20e134d395352e)] -> xpath: //span[normalize-space()='Women']]
2023-05-14 19:05:794 INFO  HomePage :49 - Mouse hover on Women menu [[ChromeDriver: chrome on WINDOWS (2a5f5086eea69f56617936cdbf82ea6b)] -> xpath: //span[normalize-space()='Women']]
2023-05-14 20:05:194 INFO  HomePage :67 - Mouse hover on Men menu [[ChromeDriver: chrome on WINDOWS (2d08c685250502df9ed23bd519b53086)] -> xpath: //span[normalize-space()='Men']]
2023-05-14 20:05:719 INFO  HomePage :49 - Mouse hover on Women menu [[ChromeDriver: chrome on WINDOWS (2f8992ac65054c528116381bfd7d0bac)] -> xpath: //span[normalize-space()='Women']]
2023-05-14 21:05:431 INFO  HomePage :67 - Mouse hover on Men menu [[ChromeDriver: chrome on WINDOWS (5b1bdf516b22c456131fafec967956fd)] -> xpath: //span[normalize-space()='Men']]
2023-05-14 21:05:687 INFO  HomePage :73 - Mouse hover on Bottoms [[ChromeDriver: chrome on WINDOWS (5b1bdf516b22c456131fafec967956fd)] -> xpath: //a[@id='ui-id-18']]
2023-05-14 21:05:302 INFO  HomePage :79 - Click on Pants link  [[ChromeDriver: chrome on WINDOWS (5b1bdf516b22c456131fafec967956fd)] -> xpath: //a[@id='ui-id-23']//span[contains(text(),'Pants')]]
2023-05-14 21:05:02 INFO  MenPage :45 - Mouse Hover On product name Cronus Yoga Pant[[ChromeDriver: chrome on WINDOWS (5b1bdf516b22c456131fafec967956fd)] -> xpath: //a[normalize-space()='Cronus Yoga Pant']]
2023-05-14 21:05:231 INFO  MenPage :51 - Click on Cronus Yoga Pant size 32[[ChromeDriver: chrome on WINDOWS (5b1bdf516b22c456131fafec967956fd)] -> xpath: (//div[@class='swatch-option text'])[1]]
2023-05-14 21:05:419 INFO  MenPage :45 - Mouse Hover On product name Cronus Yoga Pant[[ChromeDriver: chrome on WINDOWS (5b1bdf516b22c456131fafec967956fd)] -> xpath: //a[normalize-space()='Cronus Yoga Pant']]
2023-05-14 21:05:571 INFO  MenPage :57 - Click on Cronus Yoga Pant colour Black[[ChromeDriver: chrome on WINDOWS (5b1bdf516b22c456131fafec967956fd)] -> xpath: (//div[@class='swatch-option color'])[1]]
2023-05-14 21:05:746 INFO  MenPage :45 - Mouse Hover On product name Cronus Yoga Pant[[ChromeDriver: chrome on WINDOWS (5b1bdf516b22c456131fafec967956fd)] -> xpath: //a[normalize-space()='Cronus Yoga Pant']]
2023-05-14 21:05:924 INFO  MenPage :64 - Click on Add to Cart Link[[ChromeDriver: chrome on WINDOWS (5b1bdf516b22c456131fafec967956fd)] -> xpath: (//span[contains(text(),'Add to Cart')])[1]]
2023-05-14 21:05:348 INFO  MenPage :71 - Click on Shopping Cart Link[[ChromeDriver: chrome on WINDOWS (5b1bdf516b22c456131fafec967956fd)] -> xpath: //a[normalize-space()='shopping cart']]
2023-05-14 21:05:888 INFO  HomePage :49 - Mouse hover on Women menu [[ChromeDriver: chrome on WINDOWS (2240ef6ff0f587d3f7fe20229c4e2657)] -> xpath: //span[normalize-space()='Women']]
2023-05-14 21:05:562 INFO  HomePage :67 - Mouse hover on Men menu [[ChromeDriver: chrome on WINDOWS (ba111d0c7f3e78a1957f83deaa7c19ff)] -> xpath: //span[normalize-space()='Men']]
2023-05-14 21:05:779 INFO  HomePage :73 - Mouse hover on Bottoms [[ChromeDriver: chrome on WINDOWS (ba111d0c7f3e78a1957f83deaa7c19ff)] -> xpath: //a[@id='ui-id-18']]
2023-05-14 21:05:977 INFO  HomePage :79 - Click on Pants link  [[ChromeDriver: chrome on WINDOWS (ba111d0c7f3e78a1957f83deaa7c19ff)] -> xpath: //a[@id='ui-id-23']//span[contains(text(),'Pants')]]
2023-05-14 21:05:624 INFO  MenPage :45 - Mouse Hover On product name Cronus Yoga Pant[[ChromeDriver: chrome on WINDOWS (ba111d0c7f3e78a1957f83deaa7c19ff)] -> xpath: //a[normalize-space()='Cronus Yoga Pant']]
2023-05-14 21:05:901 INFO  MenPage :51 - Click on Cronus Yoga Pant size 32[[ChromeDriver: chrome on WINDOWS (ba111d0c7f3e78a1957f83deaa7c19ff)] -> xpath: (//div[@class='swatch-option text'])[1]]
2023-05-14 21:05:98 INFO  MenPage :45 - Mouse Hover On product name Cronus Yoga Pant[[ChromeDriver: chrome on WINDOWS (ba111d0c7f3e78a1957f83deaa7c19ff)] -> xpath: //a[normalize-space()='Cronus Yoga Pant']]
2023-05-14 21:05:224 INFO  MenPage :57 - Click on Cronus Yoga Pant colour Black[[ChromeDriver: chrome on WINDOWS (ba111d0c7f3e78a1957f83deaa7c19ff)] -> xpath: (//div[@class='swatch-option color'])[1]]
2023-05-14 21:05:402 INFO  MenPage :45 - Mouse Hover On product name Cronus Yoga Pant[[ChromeDriver: chrome on WINDOWS (ba111d0c7f3e78a1957f83deaa7c19ff)] -> xpath: //a[normalize-space()='Cronus Yoga Pant']]
2023-05-14 21:05:549 INFO  MenPage :64 - Click on Add to Cart Link[[ChromeDriver: chrome on WINDOWS (ba111d0c7f3e78a1957f83deaa7c19ff)] -> xpath: (//span[contains(text(),'Add to Cart')])[1]]
2023-05-14 21:05:21 INFO  MenPage :71 - Click on Shopping Cart Link[[ChromeDriver: chrome on WINDOWS (ba111d0c7f3e78a1957f83deaa7c19ff)] -> xpath: //a[normalize-space()='shopping cart']]
2023-05-14 21:05:584 INFO  HomePage :49 - Mouse hover on Women menu [[ChromeDriver: chrome on WINDOWS (57793c40314f296b77f0b1595874b84c)] -> xpath: //span[normalize-space()='Women']]
2023-05-14 21:05:819 INFO  HomePage :55 - Mouse hover on Tops [[ChromeDriver: chrome on WINDOWS (57793c40314f296b77f0b1595874b84c)] -> xpath: (//span[contains(text(),'Tops')])[1]]
2023-05-14 21:05:514 INFO  HomePage :61 - Click on Jackets link [[ChromeDriver: chrome on WINDOWS (57793c40314f296b77f0b1595874b84c)] -> xpath: //a[@id='ui-id-11']//span[contains(text(),'Jackets')]]
2023-05-14 21:05:128 INFO  JacketPage :53 - Select sort by filter Product name : [[[ChromeDriver: chrome on WINDOWS (57793c40314f296b77f0b1595874b84c)] -> xpath: //strong[@class='product name product-item-name']//a], [[ChromeDriver: chrome on WINDOWS (57793c40314f296b77f0b1595874b84c)] -> xpath: //strong[@class='product name product-item-name']//a], [[ChromeDriver: chrome on WINDOWS (57793c40314f296b77f0b1595874b84c)] -> xpath: //strong[@class='product name product-item-name']//a], [[ChromeDriver: chrome on WINDOWS (57793c40314f296b77f0b1595874b84c)] -> xpath: //strong[@class='product name product-item-name']//a], [[ChromeDriver: chrome on WINDOWS (57793c40314f296b77f0b1595874b84c)] -> xpath: //strong[@class='product name product-item-name']//a], [[ChromeDriver: chrome on WINDOWS (57793c40314f296b77f0b1595874b84c)] -> xpath: //strong[@class='product name product-item-name']//a], [[ChromeDriver: chrome on WINDOWS (57793c40314f296b77f0b1595874b84c)] -> xpath: //strong[@class='product name product-item-name']//a], [[ChromeDriver: chrome on WINDOWS (57793c40314f296b77f0b1595874b84c)] -> xpath: //strong[@class='product name product-item-name']//a], [[ChromeDriver: chrome on WINDOWS (57793c40314f296b77f0b1595874b84c)] -> xpath: //strong[@class='product name product-item-name']//a], [[ChromeDriver: chrome on WINDOWS (57793c40314f296b77f0b1595874b84c)] -> xpath: //strong[@class='product name product-item-name']//a], [[ChromeDriver: chrome on WINDOWS (57793c40314f296b77f0b1595874b84c)] -> xpath: //strong[@class='product name product-item-name']//a], [[ChromeDriver: chrome on WINDOWS (57793c40314f296b77f0b1595874b84c)] -> xpath: //strong[@class='product name product-item-name']//a]]
2023-05-14 21:05:717 INFO  HomePage :49 - Mouse hover on Women menu [[ChromeDriver: chrome on WINDOWS (04d1c294575bd4f9ce44e911dd0c842b)] -> xpath: //span[normalize-space()='Women']]
2023-05-14 21:05:27 INFO  HomePage :55 - Mouse hover on Tops [[ChromeDriver: chrome on WINDOWS (04d1c294575bd4f9ce44e911dd0c842b)] -> xpath: (//span[contains(text(),'Tops')])[1]]
2023-05-14 21:05:19 INFO  HomePage :61 - Click on Jackets link [[ChromeDriver: chrome on WINDOWS (04d1c294575bd4f9ce44e911dd0c842b)] -> xpath: //a[@id='ui-id-11']//span[contains(text(),'Jackets')]]
2023-05-14 21:05:875 INFO  JacketPage :77 -  Select sort by Filter Price : [[[ChromeDriver: chrome on WINDOWS (04d1c294575bd4f9ce44e911dd0c842b)] -> xpath: //span[@class='price-wrapper ']//span], [[ChromeDriver: chrome on WINDOWS (04d1c294575bd4f9ce44e911dd0c842b)] -> xpath: //span[@class='price-wrapper ']//span], [[ChromeDriver: chrome on WINDOWS (04d1c294575bd4f9ce44e911dd0c842b)] -> xpath: //span[@class='price-wrapper ']//span], [[ChromeDriver: chrome on WINDOWS (04d1c294575bd4f9ce44e911dd0c842b)] -> xpath: //span[@class='price-wrapper ']//span], [[ChromeDriver: chrome on WINDOWS (04d1c294575bd4f9ce44e911dd0c842b)] -> xpath: //span[@class='price-wrapper ']//span], [[ChromeDriver: chrome on WINDOWS (04d1c294575bd4f9ce44e911dd0c842b)] -> xpath: //span[@class='price-wrapper ']//span], [[ChromeDriver: chrome on WINDOWS (04d1c294575bd4f9ce44e911dd0c842b)] -> xpath: //span[@class='price-wrapper ']//span], [[ChromeDriver: chrome on WINDOWS (04d1c294575bd4f9ce44e911dd0c842b)] -> xpath: //span[@class='price-wrapper ']//span], [[ChromeDriver: chrome on WINDOWS (04d1c294575bd4f9ce44e911dd0c842b)] -> xpath: //span[@class='price-wrapper ']//span], [[ChromeDriver: chrome on WINDOWS (04d1c294575bd4f9ce44e911dd0c842b)] -> xpath: //span[@class='price-wrapper ']//span], [[ChromeDriver: chrome on WINDOWS (04d1c294575bd4f9ce44e911dd0c842b)] -> xpath: //span[@class='price-wrapper ']//span], [[ChromeDriver: chrome on WINDOWS (04d1c294575bd4f9ce44e911dd0c842b)] -> xpath: //span[@class='price-wrapper ']//span]]
2023-05-15 00:05:354 INFO  HomePage :85 - Mouse Hover On Gear Menu tab[[ChromeDriver: chrome on WINDOWS (c7dd658495746f1a44fb7207e68c4ec8)] -> xpath: //span[normalize-space()='Gear']]
2023-05-15 00:05:219 INFO  HomePage :49 - Mouse hover on Women menu [[ChromeDriver: chrome on WINDOWS (5283fef35fa1a0825a299944b76afab7)] -> xpath: //span[normalize-space()='Women']]
2023-05-15 00:05:309 INFO  HomePage :67 - Mouse hover on Men menu [[ChromeDriver: chrome on WINDOWS (853b22cd8b90749c2a72f2b2c58134cc)] -> xpath: //span[normalize-space()='Men']]
2023-05-15 00:05:486 INFO  HomePage :49 - Mouse hover on Women menu [[ChromeDriver: chrome on WINDOWS (14ff40d8adbfe2cfed50258687f41191)] -> xpath: //span[normalize-space()='Women']]
2023-05-15 09:05:47 INFO  HomePage :67 - Mouse hover on Men menu [[ChromeDriver: chrome on WINDOWS (a5361481f14fbe48f7974f130c71eb4d)] -> xpath: //span[normalize-space()='Men']]
2023-05-15 09:05:288 INFO  HomePage :49 - Mouse hover on Women menu [[ChromeDriver: chrome on WINDOWS (aa328bb4c4c471fdae71bd0c1d884a84)] -> xpath: //span[normalize-space()='Women']]
2023-05-15 10:05:272 INFO  HomePage :85 - Mouse Hover On Gear Menu tab[[ChromeDriver: chrome on WINDOWS (e1e597ed0307c0b3f24191b0799eec18)] -> xpath: //span[normalize-space()='Gear']]
2023-05-15 10:05:658 INFO  HomePage :49 - Mouse hover on Women menu [[ChromeDriver: chrome on WINDOWS (3c80cbd2c8764ac2dc9a117921481f00)] -> xpath: //span[normalize-space()='Women']]
2023-05-15 10:05:622 INFO  HomePage :85 - Mouse Hover On Gear Menu tab[[ChromeDriver: chrome on WINDOWS (b93e33c5ea2a0761f365cc39fbf654be)] -> xpath: //span[normalize-space()='Gear']]
2023-05-15 10:05:298 INFO  HomePage :49 - Mouse hover on Women menu [[ChromeDriver: chrome on WINDOWS (6701df82dcdd819158d41a8e4998d3a0)] -> xpath: //span[normalize-space()='Women']]
2023-05-16 23:05:242 INFO  HomePage :67 - Mouse hover on Men menu [[ChromeDriver: chrome on WINDOWS (e740b5eb100e1a861b4a8df376dedf12)] -> xpath: //span[normalize-space()='Men']]
2023-05-16 23:05:460 INFO  HomePage :73 - Mouse hover on Bottoms [[ChromeDriver: chrome on WINDOWS (e740b5eb100e1a861b4a8df376dedf12)] -> xpath: //a[@id='ui-id-18']]
2023-05-16 23:05:784 INFO  HomePage :79 - Click on Pants link  [[ChromeDriver: chrome on WINDOWS (e740b5eb100e1a861b4a8df376dedf12)] -> xpath: //a[@id='ui-id-23']//span[contains(text(),'Pants')]]
2023-05-16 23:05:195 INFO  MenPage :45 - Mouse Hover On product name Cronus Yoga Pant[[ChromeDriver: chrome on WINDOWS (e740b5eb100e1a861b4a8df376dedf12)] -> xpath: //a[normalize-space()='Cronus Yoga Pant']]
2023-05-16 23:05:380 INFO  MenPage :51 - Click on Cronus Yoga Pant size 32[[ChromeDriver: chrome on WINDOWS (e740b5eb100e1a861b4a8df376dedf12)] -> xpath: (//div[@class='swatch-option text'])[1]]
2023-05-16 23:05:551 INFO  MenPage :45 - Mouse Hover On product name Cronus Yoga Pant[[ChromeDriver: chrome on WINDOWS (e740b5eb100e1a861b4a8df376dedf12)] -> xpath: //a[normalize-space()='Cronus Yoga Pant']]
2023-05-16 23:05:796 INFO  MenPage :57 - Click on Cronus Yoga Pant colour Black[[ChromeDriver: chrome on WINDOWS (e740b5eb100e1a861b4a8df376dedf12)] -> xpath: (//div[@class='swatch-option color'])[1]]
2023-05-16 23:05:965 INFO  MenPage :45 - Mouse Hover On product name Cronus Yoga Pant[[ChromeDriver: chrome on WINDOWS (e740b5eb100e1a861b4a8df376dedf12)] -> xpath: //a[normalize-space()='Cronus Yoga Pant']]
2023-05-16 23:05:467 INFO  MenPage :64 - Click on Add to Cart Link[[ChromeDriver: chrome on WINDOWS (e740b5eb100e1a861b4a8df376dedf12)] -> xpath: (//span[contains(text(),'Add to Cart')])[1]]
2023-05-16 23:05:971 INFO  MenPage :71 - Click on Shopping Cart Link[[ChromeDriver: chrome on WINDOWS (e740b5eb100e1a861b4a8df376dedf12)] -> xpath: //a[normalize-space()='shopping cart']]
2023-05-16 23:05:89 INFO  ShoppingPage :65 - Verify the text Shopping Cart : Shopping Cart
2023-05-16 23:05:244 INFO  ShoppingPage :70 - Verify the Product name Cronus Yoga pant : Cronus Yoga Pant
2023-05-16 23:05:422 INFO  ShoppingPage :75 - Verify the products size 32 32
2023-05-16 23:05:490 INFO  ShoppingPage :80 - Verify the product colour Black Black
2023-05-16 23:05:104 INFO  HomePage :49 - Mouse hover on Women menu [[ChromeDriver: chrome on WINDOWS (6998016535a7f84cfaf5bf99cfdd9506)] -> xpath: //span[normalize-space()='Women']]
2023-05-16 23:05:401 INFO  HomePage :55 - Mouse hover on Tops [[ChromeDriver: chrome on WINDOWS (6998016535a7f84cfaf5bf99cfdd9506)] -> xpath: (//span[contains(text(),'Tops')])[1]]
2023-05-16 23:05:165 INFO  HomePage :61 - Click on Jackets link [[ChromeDriver: chrome on WINDOWS (6998016535a7f84cfaf5bf99cfdd9506)] -> xpath: //a[@id='ui-id-11']//span[contains(text(),'Jackets')]]
2023-05-16 23:05:56 INFO  JacketPage :53 - Select sort by filter Product name : [[[ChromeDriver: chrome on WINDOWS (6998016535a7f84cfaf5bf99cfdd9506)] -> xpath: //strong[@class='product name product-item-name']//a], [[ChromeDriver: chrome on WINDOWS (6998016535a7f84cfaf5bf99cfdd9506)] -> xpath: //strong[@class='product name product-item-name']//a], [[ChromeDriver: chrome on WINDOWS (6998016535a7f84cfaf5bf99cfdd9506)] -> xpath: //strong[@class='product name product-item-name']//a], [[ChromeDriver: chrome on WINDOWS (6998016535a7f84cfaf5bf99cfdd9506)] -> xpath: //strong[@class='product name product-item-name']//a], [[ChromeDriver: chrome on WINDOWS (6998016535a7f84cfaf5bf99cfdd9506)] -> xpath: //strong[@class='product name product-item-name']//a], [[ChromeDriver: chrome on WINDOWS (6998016535a7f84cfaf5bf99cfdd9506)] -> xpath: //strong[@class='product name product-item-name']//a], [[ChromeDriver: chrome on WINDOWS (6998016535a7f84cfaf5bf99cfdd9506)] -> xpath: //strong[@class='product name product-item-name']//a], [[ChromeDriver: chrome on WINDOWS (6998016535a7f84cfaf5bf99cfdd9506)] -> xpath: //strong[@class='product name product-item-name']//a], [[ChromeDriver: chrome on WINDOWS (6998016535a7f84cfaf5bf99cfdd9506)] -> xpath: //strong[@class='product name product-item-name']//a], [[ChromeDriver: chrome on WINDOWS (6998016535a7f84cfaf5bf99cfdd9506)] -> xpath: //strong[@class='product name product-item-name']//a], [[ChromeDriver: chrome on WINDOWS (6998016535a7f84cfaf5bf99cfdd9506)] -> xpath: //strong[@class='product name product-item-name']//a], [[ChromeDriver: chrome on WINDOWS (6998016535a7f84cfaf5bf99cfdd9506)] -> xpath: //strong[@class='product name product-item-name']//a]]
2023-05-16 23:05:786 INFO  HomePage :85 - Mouse Hover On Gear Menu tab[[ChromeDriver: chrome on WINDOWS (27cb2f90927a616a8494b659111d606a)] -> xpath: //span[normalize-space()='Gear']]
2023-05-16 23:05:315 INFO  HomePage :49 - Mouse hover on Women menu [[ChromeDriver: chrome on WINDOWS (8ee3a728c2c7232670758763d5330b91)] -> xpath: //span[normalize-space()='Women']]
